\BOOKMARK [1][-]{section.1}{Introduction}{}% 1
\BOOKMARK [1][-]{section.2}{Data}{}% 2
\BOOKMARK [1][-]{section.3}{Methods}{}% 3
\BOOKMARK [2][-]{subsection.3.1}{Grid of stellar models}{section.3}% 4
\BOOKMARK [2][-]{subsection.3.2}{Artificial neural network}{section.3}% 5
\BOOKMARK [2][-]{subsection.3.3}{Statistical models}{section.3}% 6
\BOOKMARK [2][-]{subsection.3.4}{The Sun as a star}{section.3}% 7
\BOOKMARK [2][-]{subsection.3.5}{Sampling}{section.3}% 8
\BOOKMARK [1][-]{section.4}{Results}{}% 9
\BOOKMARK [2][-]{subsection.4.1}{Stellar parameter results}{section.4}% 10
\BOOKMARK [2][-]{subsection.4.2}{Population parameter results}{section.4}% 11
\BOOKMARK [1][-]{section.5}{Discussion}{}% 12
\BOOKMARK [2][-]{subsection.5.1}{Helium enrichment}{section.5}% 13
\BOOKMARK [2][-]{subsection.5.2}{Mixing-length theory}{section.5}% 14
\BOOKMARK [2][-]{subsection.5.3}{Comparison with APOKASC results}{section.5}% 15
\BOOKMARK [2][-]{subsection.5.4}{Systematic uncertainties}{section.5}% 16
\BOOKMARK [2][-]{subsection.5.5}{Outliers}{section.5}% 17
\BOOKMARK [1][-]{section.6}{Conclusion}{}% 18
\BOOKMARK [1][-]{section.A1}{Training the ANN}{}% 19
\BOOKMARK [1][-]{section.A2}{The synthetic population}{}% 20
\BOOKMARK [2][-]{subsection.A2.1}{Stellar parameters}{section.A2}% 21
\BOOKMARK [2][-]{subsection.A2.2}{Population parameters}{section.A2}% 22
\BOOKMARK [1][-]{section.A3}{The Sun as a star}{}% 23
